
[2021-07-19 19:40:50,226] INFO : Service update_sql_id started
[2021-07-19 19:40:50,226] INFO : Service update_sql_id configuration file: C:\Users\DM3522\Desktop\sys-fault-detection\config\config.json
[2021-07-19 19:40:50,226] INFO : Service update_sql_id logs of reports: logs
[2021-07-19 19:40:50,226] INFO : start updating sql_id.txt every 7 days at time 03:00
[2021-07-19 19:41:10,378] DEBUG : Running job Job(interval=1, unit=minutes, do=save_sql_id_list, args=('C:/Users/DM3522/Desktop/access.log', 'resources/sql_ids.txt'), kwargs={})
[2021-07-19 19:41:10,378] DEBUG : start updating the sql_ids.txt
[2021-07-19 19:41:23,511] DEBUG : sql_ids.txt is updated
[2021-07-26 12:46:54,216] INFO : Service update_sql_id started
[2021-07-26 12:46:54,217] INFO : Service update_sql_id configuration file: C:\Users\DM3522\Desktop\sys-fault-detection\config\config.json
[2021-07-26 12:46:54,217] INFO : Service update_sql_id logs of reports: logs
[2021-07-26 12:47:27,126] INFO : Service update_sql_id started
[2021-07-26 12:47:27,127] INFO : Service update_sql_id configuration file: C:\Users\DM3522\Desktop\sys-fault-detection\config\config.json
[2021-07-26 12:47:27,127] INFO : Service update_sql_id logs of reports: logs
[2021-07-26 12:47:27,127] INFO : start updating sql_id.txt
[2021-07-26 12:47:27,127] DEBUG : start updating the sql_ids.txt
[2021-07-26 17:01:10,727] INFO : Service update_sql_id started
[2021-07-26 17:01:10,728] INFO : Service update_sql_id configuration file: C:\Users\DM3522\Desktop\sys-fault-detection\config\config.json
[2021-07-26 17:01:10,728] INFO : Service update_sql_id logs of reports: logs
[2021-07-26 17:01:10,728] INFO : start updating sql_id.txt
[2021-07-26 17:01:10,728] DEBUG : start updating the sql_ids.txt
[2021-07-26 17:02:16,316] INFO : Service update_sql_id started
[2021-07-26 17:02:16,316] INFO : Service update_sql_id configuration file: C:\Users\DM3522\Desktop\sys-fault-detection\config\config.json
[2021-07-26 17:02:16,316] INFO : Service update_sql_id logs of reports: logs
[2021-07-26 17:02:16,316] INFO : start updating sql_id.txt
[2021-07-26 17:02:16,316] DEBUG : start updating the sql_ids.txt
[2021-07-26 17:02:30,972] INFO : Service update_sql_id started
[2021-07-26 17:02:30,972] INFO : Service update_sql_id configuration file: C:\Users\DM3522\Desktop\sys-fault-detection\config\config.json
[2021-07-26 17:02:30,972] INFO : Service update_sql_id logs of reports: logs
[2021-07-26 17:02:30,972] INFO : start updating sql_id.txt
[2021-07-26 17:02:30,972] DEBUG : start updating the sql_ids.txt
[2021-07-26 17:03:47,256] INFO : Service update_sql_id started
[2021-07-26 17:03:47,256] INFO : Service update_sql_id configuration file: C:\Users\DM3522\Desktop\sys-fault-detection\config\config.json
[2021-07-26 17:03:47,256] INFO : Service update_sql_id logs of reports: logs
[2021-07-26 17:03:47,256] INFO : start updating sql_id.txt
[2021-07-26 17:03:47,256] DEBUG : start updating the sql_ids.txt
[2021-07-26 17:06:19,440] INFO : Service update_sql_id started
[2021-07-26 17:06:19,440] INFO : Service update_sql_id configuration file: C:\Users\DM3522\Desktop\sys-fault-detection\config\config.json
[2021-07-26 17:06:19,440] INFO : Service update_sql_id logs of reports: logs
[2021-07-26 17:06:19,440] INFO : start updating sql_id.txt
[2021-07-26 17:06:19,440] DEBUG : start updating the sql_ids.txt
[2021-07-26 17:15:07,203] INFO : Service update_sql_id started
[2021-07-26 17:15:07,203] INFO : Service update_sql_id configuration file: C:\Users\DM3522\Desktop\sys-fault-detection\config\config.json
[2021-07-26 17:15:07,203] INFO : Service update_sql_id logs of reports: logs
[2021-07-26 17:15:07,203] INFO : start updating sql_id.txt
[2021-07-26 17:15:07,203] DEBUG : start updating the sql_ids.txt
[2021-07-26 17:15:08,784] DEBUG : sql_ids.txt is updated
[2021-07-26 17:16:13,752] INFO : Service update_sql_id started
[2021-07-26 17:16:13,752] INFO : Service update_sql_id configuration file: C:\Users\DM3522\Desktop\sys-fault-detection\config\config.json
[2021-07-26 17:16:13,752] INFO : Service update_sql_id logs of reports: logs
[2021-07-26 17:16:13,752] INFO : start updating sql_id.txt
[2021-07-26 17:16:13,752] DEBUG : start updating the sql_ids.txt
[2021-07-26 17:16:15,377] DEBUG : sql_ids.txt is updated
[2021-07-26 17:16:48,279] INFO : Service update_sql_id started
[2021-07-26 17:16:48,279] INFO : Service update_sql_id configuration file: C:\Users\DM3522\Desktop\sys-fault-detection\config\config.json
[2021-07-26 17:16:48,279] INFO : Service update_sql_id logs of reports: logs
[2021-07-26 17:16:48,279] INFO : start updating sql_id.txt
[2021-07-26 17:16:48,279] DEBUG : start updating the sql_ids.txt
[2021-07-26 17:18:34,515] INFO : Service update_sql_id started
[2021-07-26 17:18:34,516] INFO : Service update_sql_id configuration file: C:\Users\DM3522\Desktop\sys-fault-detection\config\config.json
[2021-07-26 17:18:34,516] INFO : Service update_sql_id logs of reports: logs
[2021-07-26 17:18:34,516] INFO : start updating sql_id.txt
[2021-07-26 17:18:34,516] DEBUG : start updating the sql_ids.txt
[2021-07-26 17:18:54,028] INFO : Service update_sql_id started
[2021-07-26 17:18:54,028] INFO : Service update_sql_id configuration file: C:\Users\DM3522\Desktop\sys-fault-detection\config\config.json
[2021-07-26 17:18:54,028] INFO : Service update_sql_id logs of reports: logs
[2021-07-26 17:18:54,028] INFO : start updating sql_id.txt
[2021-07-26 17:18:54,028] DEBUG : start updating the sql_ids.txt
[2021-07-26 17:18:55,953] DEBUG : sql_ids.txt is updated
